2010-02-19 05:49:48 Debug: Notice (1024): Please change the value of 'Security.salt' in app/config/core.php to a salt value specific to your application in [D:\Projects\freegalmusic\cake\libs\debugger.php, line 674]
2010-02-19 05:49:48 Debug: Notice (1024): Please change the value of 'Security.cipher_seed' in app/config/core.php to a numeric (digits only) seed value specific to your application in [D:\Projects\freegalmusic\cake\libs\debugger.php, line 678]
2010-02-19 05:51:19 Debug: Notice (1024): Please change the value of 'Security.cipher_seed' in app/config/core.php to a numeric (digits only) seed value specific to your application in [D:\Projects\freegalmusic\cake\libs\debugger.php, line 678]
2010-02-19 06:55:59 Debug: Notice (8): Undefined variable: formAction in [D:\Projects\freegal\app\views\artists\manageartists.ctp, line 2]
2010-02-19 06:55:59 Debug: Notice (8): Undefined variable: formHeader in [D:\Projects\freegal\app\views\artists\manageartists.ctp, line 9]
2010-02-19 06:56:00 Debug: Notice (8): Undefined variable: getArtistData in [D:\Projects\freegal\app\views\artists\manageartists.ctp, line 12]
2010-02-19 06:56:58 Debug: Notice (8): Undefined variable: formHeader in [D:\Projects\freegal\app\views\artists\manageartists.ctp, line 9]
2010-02-19 06:56:58 Debug: Notice (8): Undefined variable: getArtistData in [D:\Projects\freegal\app\views\artists\manageartists.ctp, line 12]
2010-02-19 06:59:01 Debug: Notice (8): Undefined variable: getArtistData in [D:\Projects\freegal\app\views\artists\createartist.ctp, line 12]
2010-02-19 07:38:40 Debug: Notice (8): Undefined variable: getArtistData in [D:\Projects\freegal\app\views\artists\artistform.ctp, line 12]
2010-02-19 09:04:44 Debug: Notice (8): Undefined variable: formAction in [D:\Projects\freegal\app\views\admin_homes\userform.ctp, line 4]
2010-02-19 09:04:44 Debug: Notice (8): Undefined variable: formHeader in [D:\Projects\freegal\app\views\admin_homes\userform.ctp, line 16]
2010-02-19 09:06:09 Debug: Notice (8): Undefined variable: formAction in [D:\Projects\freegal\app\views\admin_homes\userform.ctp, line 4]
2010-02-19 09:06:09 Debug: Notice (8): Undefined variable: formHeader in [D:\Projects\freegal\app\views\admin_homes\userform.ctp, line 16]
2010-02-19 10:12:03 Debug: Notice (8): Undefined variable: formAction in [D:\Projects\freegal\app\views\admin_homes\userform.ctp, line 4]
2010-02-19 10:12:03 Debug: Notice (8): Undefined variable: formHeader in [D:\Projects\freegal\app\views\admin_homes\userform.ctp, line 16]
2010-02-19 10:53:53 Debug: Notice (8): Undefined variable: formHeader in [D:\Projects\freegal\app\views\artists\manageartists.ctp, line 9]
2010-02-19 10:53:56 Debug: Notice (8): Undefined variable: formHeader in [D:\Projects\freegal\app\views\artists\manageartists.ctp, line 9]
2010-02-19 10:53:58 Debug: Notice (8): Undefined variable: formHeader in [D:\Projects\freegal\app\views\artists\manageartists.ctp, line 9]
2010-02-19 11:01:23 Debug: Notice (8): Undefined variable: formHeader in [D:\Projects\freegal\app\views\artists\manageartists.ctp, line 9]
2010-02-19 11:01:25 Debug: Notice (8): Undefined variable: formHeader in [D:\Projects\freegal\app\views\artists\manageartists.ctp, line 9]
2010-02-19 11:01:27 Debug: Notice (8): Undefined variable: formHeader in [D:\Projects\freegal\app\views\artists\manageartists.ctp, line 9]
2010-02-19 11:01:28 Debug: Notice (8): Undefined variable: formHeader in [D:\Projects\freegal\app\views\artists\manageartists.ctp, line 9]
2010-02-19 11:02:08 Debug: Notice (8): Undefined variable: formHeader in [D:\Projects\freegal\app\views\artists\manageartists.ctp, line 9]
2010-02-19 11:02:08 Debug: Notice (8): Undefined variable: getArtistData in [D:\Projects\freegal\app\views\artists\manageartists.ctp, line 12]
2010-02-19 11:02:12 Debug: Notice (8): Undefined variable: formHeader in [D:\Projects\freegal\app\views\artists\manageartists.ctp, line 9]
2010-02-19 11:02:12 Debug: Notice (8): Undefined variable: getArtistData in [D:\Projects\freegal\app\views\artists\manageartists.ctp, line 12]
2010-02-19 11:02:15 Debug: Notice (8): Undefined variable: formHeader in [D:\Projects\freegal\app\views\artists\manageartists.ctp, line 9]
2010-02-19 11:02:15 Debug: Notice (8): Undefined variable: getArtistData in [D:\Projects\freegal\app\views\artists\manageartists.ctp, line 12]
2010-02-19 11:02:21 Debug: Notice (8): Undefined variable: formHeader in [D:\Projects\freegal\app\views\artists\manageartists.ctp, line 9]
2010-02-19 11:02:21 Debug: Notice (8): Undefined variable: getArtistData in [D:\Projects\freegal\app\views\artists\manageartists.ctp, line 12]
2010-02-19 11:02:25 Debug: Notice (8): Undefined variable: formHeader in [D:\Projects\freegal\app\views\artists\manageartists.ctp, line 9]
2010-02-19 11:02:25 Debug: Notice (8): Undefined variable: getArtistData in [D:\Projects\freegal\app\views\artists\manageartists.ctp, line 12]
2010-02-19 11:03:56 Debug: Notice (8): Undefined index:  Featuredartist in [D:\Projects\freegal\app\views\artists\manageartist.ctp, line 14]
2010-02-19 11:03:56 Debug: Notice (8): Undefined offset:  2 in [D:\Projects\freegal\app\views\artists\manageartist.ctp, line 15]
2010-02-19 11:03:56 Debug: Notice (8): Undefined index:  Featuredartist in [D:\Projects\freegal\app\views\artists\manageartist.ctp, line 18]
2010-02-19 11:03:56 Debug: Notice (8): Undefined index:  Featuredartist in [D:\Projects\freegal\app\views\artists\manageartist.ctp, line 19]
2010-02-19 11:03:56 Debug: Notice (8): Undefined index:  Featuredartist in [D:\Projects\freegal\app\views\artists\manageartist.ctp, line 20]
2010-02-19 11:03:56 Debug: Notice (8): Undefined index:  Featuredartist in [D:\Projects\freegal\app\views\artists\manageartist.ctp, line 21]
2010-02-19 11:05:07 Debug: Notice (8): Undefined index:  Featuredartist in [D:\Projects\freegal\app\views\artists\manageartist.ctp, line 19]
2010-02-19 11:32:02 Debug: Notice (8): Undefined variable: getData in [D:\Projects\freegal\app\views\artists\createartist.ctp, line 8]
2010-02-19 11:32:04 Debug: Notice (8): Undefined variable: getData in [D:\Projects\freegal\app\views\artists\createartist.ctp, line 8]
2010-02-19 11:32:50 Debug: Notice (8): Undefined index:  Artist in [D:\Projects\freegal\app\views\artists\createartist.ctp, line 13]
2010-02-19 11:32:54 Debug: Notice (8): Undefined index:  Artist in [D:\Projects\freegal\app\views\artists\createartist.ctp, line 13]
2010-02-19 11:47:48 Debug: Notice (8): Undefined variable: formAction in [D:\Projects\freegal\app\views\artists\createartist.ctp, line 2]
2010-02-19 11:47:48 Debug: Notice (8): Undefined variable: formHeader in [D:\Projects\freegal\app\views\artists\createartist.ctp, line 10]
2010-02-19 11:47:48 Debug: Notice (8): Undefined variable: getArtistData in [D:\Projects\freegal\app\views\artists\createartist.ctp, line 13]
2010-02-19 12:21:44 Debug: Notice (8): Undefined variable: getArtistrDataObj in [D:\Projects\freegal\app\controllers\artists_controller.php, line 152]
2010-02-19 12:21:57 Debug: Notice (8): Undefined variable: getArtistrDataObj in [D:\Projects\freegal\app\controllers\artists_controller.php, line 152]
2010-02-19 12:23:24 Debug: Notice (8): Undefined variable: getArtistrDataObj in [D:\Projects\freegal\app\controllers\artists_controller.php, line 152]
2010-02-19 12:23:26 Debug: Notice (8): Undefined variable: getArtistrDataObj in [D:\Projects\freegal\app\controllers\artists_controller.php, line 152]
2010-02-19 12:34:30 Debug: Notice (8): Undefined variable: getArtistData in [D:\Projects\freegal\app\views\artists\createartist.ctp, line 13]
2010-02-19 12:34:53 Debug: Notice (8): Undefined variable: getArtistData in [D:\Projects\freegal\app\views\artists\createartist.ctp, line 13]
2010-02-19 12:41:38 Debug: Notice (8): Undefined property:  SessionHelper::$setFlash in [D:\Projects\freegal\app\views\admin_homes\userform.ctp, line 38]
2010-02-19 12:41:42 Debug: Notice (8): Undefined property:  SessionHelper::$setFlash in [D:\Projects\freegal\app\views\admin_homes\userform.ctp, line 38]
2010-02-19 12:41:58 Debug: Notice (8): Undefined property:  SessionHelper::$flash in [D:\Projects\freegal\app\views\admin_homes\userform.ctp, line 38]
2010-02-19 13:14:04 Debug: Notice (8): Undefined property:  View::$Html in [D:\Projects\freegal\cake\libs\view\layouts\default.ctp, line 23]
2010-02-19 13:14:04 Debug: Notice (8): Undefined property:  View::$Html in [D:\Projects\freegal\cake\libs\view\layouts\default.ctp, line 23]
2010-02-19 13:14:07 Debug: Notice (8): Undefined property:  View::$Html in [D:\Projects\freegal\cake\libs\view\layouts\default.ctp, line 23]
2010-02-19 13:14:09 Debug: Notice (8): Undefined property:  View::$Html in [D:\Projects\freegal\cake\libs\view\layouts\default.ctp, line 23]
2010-02-19 13:14:09 Debug: Notice (8): Undefined property:  View::$Html in [D:\Projects\freegal\cake\libs\view\layouts\default.ctp, line 23]
2010-02-19 13:14:10 Debug: Notice (8): Undefined property:  View::$Html in [D:\Projects\freegal\cake\libs\view\layouts\default.ctp, line 23]
2010-02-19 13:14:10 Debug: Notice (8): Undefined property:  View::$Html in [D:\Projects\freegal\cake\libs\view\layouts\default.ctp, line 23]
2010-02-19 13:14:13 Debug: Notice (8): Undefined property:  View::$Html in [D:\Projects\freegal\cake\libs\view\layouts\default.ctp, line 23]
2010-02-19 13:14:13 Debug: Notice (8): Undefined property:  View::$Html in [D:\Projects\freegal\cake\libs\view\layouts\default.ctp, line 23]
2010-02-19 13:14:14 Debug: Notice (8): Undefined property:  View::$Html in [D:\Projects\freegal\cake\libs\view\layouts\default.ctp, line 23]
2010-02-19 13:14:14 Debug: Notice (8): Undefined property:  View::$Html in [D:\Projects\freegal\cake\libs\view\layouts\default.ctp, line 23]
2010-02-19 13:14:16 Debug: Notice (8): Undefined property:  View::$Html in [D:\Projects\freegal\cake\libs\view\layouts\default.ctp, line 23]
2010-02-19 13:14:16 Debug: Notice (8): Undefined property:  View::$Html in [D:\Projects\freegal\cake\libs\view\layouts\default.ctp, line 23]
2010-02-19 13:15:02 Debug: Notice (8): Undefined property:  View::$Html in [D:\Projects\freegal\cake\libs\view\layouts\default.ctp, line 23]
2010-02-19 13:16:21 Debug: Notice (8): Undefined property:  View::$Html in [D:\Projects\freegal\cake\libs\view\layouts\default.ctp, line 23]
2010-02-19 13:16:29 Debug: Notice (8): Undefined property:  View::$Html in [D:\Projects\freegal\cake\libs\view\layouts\default.ctp, line 23]
2010-02-19 13:16:31 Debug: Notice (8): Undefined property:  View::$Html in [D:\Projects\freegal\cake\libs\view\layouts\default.ctp, line 23]
2010-02-19 13:21:18 Debug: Notice (8): Undefined variable: featuredArtistArr in [D:\Projects\freegal\app\models\physicalproduct.php, line 106]
2010-02-19 13:45:48 Debug: Notice (8): Undefined property:  SessionHelper::$flash in [D:\Projects\freegal\app\views\admin_homes\userform.ctp, line 34]
2010-02-19 13:46:49 Debug: Notice (8): Undefined variable: options in [D:\Projects\freegal\app\views\admin_homes\userform.ctp, line 29]
2010-02-19 13:48:58 Debug: Notice (8): Undefined property:  SessionHelper::$setflash in [D:\Projects\freegal\app\views\admin_homes\userform.ctp, line 34]
2010-02-19 13:50:55 Debug: Notice (8): Undefined property:  View::$Html in [D:\Projects\freegal\cake\libs\view\layouts\default.ctp, line 23]
2010-02-19 14:00:21 Debug: Notice (8): Undefined index:  Physicalproduct in [D:\Projects\freegal\app\views\homes\index.ctp, line 100]
2010-02-19 14:00:21 Debug: Notice (8): Undefined property:  View::$Html in [D:\Projects\freegal\cake\libs\view\layouts\default.ctp, line 23]
2010-02-19 14:00:21 Debug: Notice (8): Undefined property:  View::$Html in [D:\Projects\freegal\cake\libs\view\layouts\default.ctp, line 23]
2010-02-19 14:02:02 Debug: Notice (8): Undefined index:  Physicalproduct in [D:\Projects\freegal\app\views\homes\index.ctp, line 100]
2010-02-19 14:02:03 Debug: Notice (8): Undefined property:  View::$Html in [D:\Projects\freegal\cake\libs\view\layouts\default.ctp, line 23]
2010-02-19 14:02:03 Debug: Notice (8): Undefined property:  View::$Html in [D:\Projects\freegal\cake\libs\view\layouts\default.ctp, line 23]
2010-02-19 14:02:50 Debug: Notice (8): Undefined index:  Physicalproduct in [D:\Projects\freegal\app\views\homes\index.ctp, line 100]
2010-02-19 14:02:50 Debug: Notice (8): Undefined property:  View::$Html in [D:\Projects\freegal\cake\libs\view\layouts\default.ctp, line 23]
2010-02-19 14:02:50 Debug: Notice (8): Undefined property:  View::$Html in [D:\Projects\freegal\cake\libs\view\layouts\default.ctp, line 23]
2010-02-19 14:02:50 Debug: Notice (8): Undefined property:  View::$Html in [D:\Projects\freegal\cake\libs\view\layouts\default.ctp, line 23]
2010-02-19 14:02:50 Debug: Notice (8): Undefined property:  View::$Html in [D:\Projects\freegal\cake\libs\view\layouts\default.ctp, line 23]
2010-02-19 14:03:09 Debug: Notice (8): Undefined property:  View::$Html in [D:\Projects\freegal\cake\libs\view\layouts\default.ctp, line 23]
2010-02-19 14:03:10 Debug: Notice (8): Undefined index:  Physicalproduct in [D:\Projects\freegal\app\views\homes\index.ctp, line 100]
2010-02-19 14:03:11 Debug: Notice (8): Undefined property:  View::$Html in [D:\Projects\freegal\cake\libs\view\layouts\default.ctp, line 23]
2010-02-19 14:03:11 Debug: Notice (8): Undefined property:  View::$Html in [D:\Projects\freegal\cake\libs\view\layouts\default.ctp, line 23]
2010-02-19 14:03:11 Debug: Notice (8): Undefined property:  View::$Html in [D:\Projects\freegal\cake\libs\view\layouts\default.ctp, line 23]
2010-02-19 14:03:11 Debug: Notice (8): Undefined property:  View::$Html in [D:\Projects\freegal\cake\libs\view\layouts\default.ctp, line 23]
2010-02-19 14:03:12 Debug: Notice (8): Undefined property:  View::$Html in [D:\Projects\freegal\cake\libs\view\layouts\default.ctp, line 23]
2010-02-19 14:03:12 Debug: Notice (8): Undefined property:  View::$Html in [D:\Projects\freegal\cake\libs\view\layouts\default.ctp, line 23]
2010-02-19 14:05:51 Debug: Notice (8): Undefined property:  View::$Html in [D:\Projects\freegal\cake\libs\view\layouts\default.ctp, line 23]
2010-02-19 14:05:51 Debug: Notice (8): Undefined property:  View::$Html in [D:\Projects\freegal\cake\libs\view\layouts\default.ctp, line 23]
2010-02-19 14:05:51 Debug: Notice (8): Undefined property:  View::$Html in [D:\Projects\freegal\cake\libs\view\layouts\default.ctp, line 23]
2010-02-19 14:05:51 Debug: Notice (8): Undefined property:  View::$Html in [D:\Projects\freegal\cake\libs\view\layouts\default.ctp, line 23]
2010-02-19 14:05:57 Debug: Notice (8): Undefined property:  View::$Html in [D:\Projects\freegal\cake\libs\view\layouts\default.ctp, line 23]
2010-02-19 14:06:42 Debug: Notice (8): Undefined property:  View::$Html in [D:\Projects\freegal\cake\libs\view\layouts\default.ctp, line 23]
2010-02-19 14:06:42 Debug: Notice (8): Undefined property:  View::$Html in [D:\Projects\freegal\cake\libs\view\layouts\default.ctp, line 23]
2010-02-19 14:07:25 Debug: Notice (8): Undefined property:  View::$Html in [D:\Projects\freegal\cake\libs\view\layouts\default.ctp, line 23]
2010-02-19 14:09:13 Debug: Notice (8): Undefined property:  View::$Html in [D:\Projects\freegal\cake\libs\view\layouts\default.ctp, line 23]
2010-02-19 14:09:13 Debug: Notice (8): Undefined property:  View::$Html in [D:\Projects\freegal\cake\libs\view\layouts\default.ctp, line 23]
2010-02-19 14:09:20 Debug: Notice (8): Undefined property:  View::$Html in [D:\Projects\freegal\cake\libs\view\layouts\default.ctp, line 23]
2010-02-19 14:09:20 Debug: Notice (8): Undefined property:  View::$Html in [D:\Projects\freegal\cake\libs\view\layouts\default.ctp, line 23]
2010-02-19 14:11:00 Debug: Notice (8): Undefined property:  View::$Html in [D:\Projects\freegal\cake\libs\view\layouts\default.ctp, line 23]
2010-02-19 14:20:58 Debug: Notice (8): Undefined property:  View::$Html in [D:\Projects\freegal\cake\libs\view\layouts\default.ctp, line 23]
2010-02-19 14:21:09 Debug: Notice (8): Undefined property:  View::$Html in [D:\Projects\freegal\cake\libs\view\layouts\default.ctp, line 23]
2010-02-19 14:21:17 Debug: Notice (8): Undefined property:  View::$Html in [D:\Projects\freegal\cake\libs\view\layouts\default.ctp, line 23]
2010-02-19 14:21:40 Debug: Notice (8): Undefined property:  View::$Html in [D:\Projects\freegal\cake\libs\view\layouts\default.ctp, line 23]
2010-02-19 14:22:44 Debug: Notice (8): Undefined property:  View::$Html in [D:\Projects\freegal\cake\libs\view\layouts\default.ctp, line 23]
2010-02-19 14:23:57 Debug: Notice (8): Undefined property:  View::$Html in [D:\Projects\freegal\cake\libs\view\layouts\default.ctp, line 23]
2010-02-19 14:24:09 Debug: Notice (8): Undefined property:  View::$Html in [D:\Projects\freegal\cake\libs\view\layouts\default.ctp, line 23]
2010-02-19 14:24:11 Debug: Notice (8): Undefined property:  View::$Html in [D:\Projects\freegal\cake\libs\view\layouts\default.ctp, line 23]
2010-02-19 14:32:27 Debug: Notice (8): Undefined property:  View::$Html in [D:\Projects\freegal\cake\libs\view\layouts\default.ctp, line 23]
2010-02-19 14:32:27 Debug: Notice (8): Undefined property:  View::$Html in [D:\Projects\freegal\cake\libs\view\layouts\default.ctp, line 23]
2010-02-19 14:36:53 Debug: Notice (8): Undefined property:  View::$Html in [D:\Projects\freegal\cake\libs\view\layouts\default.ctp, line 23]
2010-02-19 15:48:55 Debug: Notice (8): Undefined property:  View::$Html in [D:\Projects\freegal\cake\libs\view\layouts\default.ctp, line 23]
2010-02-19 15:48:58 Debug: Notice (8): Undefined property:  View::$Html in [D:\Projects\freegal\cake\libs\view\layouts\default.ctp, line 23]
2010-02-19 15:55:07 Debug: Notice (8): Undefined property:  View::$Html in [D:\Projects\freegal\cake\libs\view\layouts\default.ctp, line 23]
2010-02-19 15:55:27 Debug: Notice (8): Undefined property:  View::$Html in [D:\Projects\freegal\cake\libs\view\layouts\default.ctp, line 23]
2010-02-19 15:55:31 Debug: Notice (8): Undefined property:  View::$Html in [D:\Projects\freegal\cake\libs\view\layouts\default.ctp, line 23]
2010-02-19 15:56:06 Debug: Notice (8): Undefined property:  View::$Html in [D:\Projects\freegal\cake\libs\view\layouts\default.ctp, line 23]
2010-02-19 15:56:08 Debug: Notice (8): Undefined property:  View::$Html in [D:\Projects\freegal\cake\libs\view\layouts\default.ctp, line 23]
2010-02-19 15:56:19 Debug: Notice (8): Undefined property:  View::$Html in [D:\Projects\freegal\cake\libs\view\layouts\default.ctp, line 23]
2010-02-19 15:56:24 Debug: Notice (8): Undefined property:  View::$Html in [D:\Projects\freegal\cake\libs\view\layouts\default.ctp, line 23]
2010-02-19 16:01:23 Debug: Notice (8): Uninitialized string offset:  0 in [D:\Projects\freegal\app\controllers\artists_controller.php, line 133]
2010-02-19 16:01:23 Debug: Notice (8): Undefined property:  View::$Html in [D:\Projects\freegal\cake\libs\view\layouts\default.ctp, line 23]
2010-02-19 16:02:16 Debug: Notice (8): Uninitialized string offset:  0 in [D:\Projects\freegal\app\controllers\artists_controller.php, line 133]
2010-02-19 16:03:54 Debug: Notice (8): Uninitialized string offset:  0 in [D:\Projects\freegal\app\controllers\artists_controller.php, line 134]
2010-02-19 16:04:54 Debug: Notice (8): Uninitialized string offset:  0 in [D:\Projects\freegal\app\controllers\artists_controller.php, line 135]
2010-02-19 16:24:00 Debug: Notice (8): Undefined property:  View::$Html in [D:\Projects\freegal\cake\libs\view\layouts\default.ctp, line 23]
2010-02-19 16:24:00 Debug: Notice (8): Undefined property:  View::$Html in [D:\Projects\freegal\cake\libs\view\layouts\default.ctp, line 23]
2010-02-19 16:24:11 Debug: Notice (8): Undefined property:  View::$Html in [D:\Projects\freegal\cake\libs\view\layouts\default.ctp, line 23]
2010-02-19 16:24:11 Debug: Notice (8): Undefined property:  View::$Html in [D:\Projects\freegal\cake\libs\view\layouts\default.ctp, line 23]
2010-02-19 16:24:16 Debug: Notice (8): Undefined property:  View::$Html in [D:\Projects\freegal\cake\libs\view\layouts\default.ctp, line 23]
2010-02-19 16:24:16 Debug: Notice (8): Undefined property:  View::$Html in [D:\Projects\freegal\cake\libs\view\layouts\default.ctp, line 23]
2010-02-19 16:24:18 Debug: Notice (8): Undefined property:  View::$Html in [D:\Projects\freegal\cake\libs\view\layouts\default.ctp, line 23]
2010-02-19 16:24:18 Debug: Notice (8): Undefined property:  View::$Html in [D:\Projects\freegal\cake\libs\view\layouts\default.ctp, line 23]
2010-02-19 16:24:20 Debug: Notice (8): Undefined property:  View::$Html in [D:\Projects\freegal\cake\libs\view\layouts\default.ctp, line 23]
2010-02-19 16:24:20 Debug: Notice (8): Undefined property:  View::$Html in [D:\Projects\freegal\cake\libs\view\layouts\default.ctp, line 23]
2010-02-19 16:34:02 Debug: Notice (8): Undefined property:  View::$Html in [D:\Projects\freegal\cake\libs\view\layouts\default.ctp, line 23]
2010-02-19 16:35:48 Debug: Notice (8): Undefined property:  View::$Html in [D:\Projects\freegal\cake\libs\view\layouts\default.ctp, line 23]
2010-02-19 16:41:40 Debug: Notice (8): Undefined property:  View::$Html in [D:\Projects\freegal\cake\libs\view\layouts\default.ctp, line 23]
